[Thread-14] ERROR com.yinghai.macao.common.util.TlsSignUtil - ======获取TLS签名异常======sig(64Driver) != req(58Driver)(identifier not match)
[Thread-26] ERROR com.yinghai.macao.common.util.TlsSignUtil - ======获取TLS签名异常======sig(11004Passenger) != req(10997Passenger)(identifier not match)
[Thread-34] ERROR com.yinghai.macao.common.util.TlsSignUtil - ======获取TLS签名异常======sig(11028Passenger) != req(11024Passenger)(identifier not match)
[Thread-12] ERROR com.yinghai.macao.common.util.TlsSignUtil - ======获取TLS签名异常======sig(9920Passenger) != req(56Driver)(identifier not match)
[Thread-16] ERROR com.yinghai.macao.common.util.TlsSignUtil - ======获取TLS签名异常======sig(63Driver) != req(61Driver)(identifier not match)
[Thread-15] ERROR com.yinghai.macao.common.util.TlsSignUtil - ======获取TLS签名异常======sig(57Driver) != req(60Driver)(identifier not match)
[Thread-19] ERROR com.yinghai.macao.common.util.TlsSignUtil - ======获取TLS签名异常======sig(64Driver) != req(65Driver)(identifier not match)
[Thread-43] ERROR com.yinghai.macao.common.util.TlsSignUtil - ======获取TLS签名异常======sig(11025Passenger) != req(10988Passenger)(identifier not match)
[Thread-24] ERROR com.yinghai.macao.common.util.TlsSignUtil - ======获取TLS签名异常======sig(11025Passenger) != req(10988Passenger)(identifier not match)
[Thread-37] ERROR com.yinghai.macao.common.util.TlsSignUtil - ======获取TLS签名异常======
[Thread-49] ERROR com.yinghai.macao.common.util.TlsSignUtil - ======获取TLS签名异常======
[Thread-45] ERROR com.yinghai.macao.common.util.TlsSignUtil - ======获取TLS签名异常======
[Thread-47] ERROR com.yinghai.macao.common.util.TlsSignUtil - ======获取TLS签名异常======
[Thread-32] ERROR com.yinghai.macao.common.util.TlsSignUtil - ======获取TLS签名异常======sig(11025Passenger) != req(11022Passenger)(identifier not match)
[Thread-46] ERROR com.yinghai.macao.common.util.TlsSignUtil - ======获取TLS签名异常======sig(11005Passenger) != req(10357Passenger)(identifier not match)
[Thread-31] ERROR com.yinghai.macao.common.util.TlsSignUtil - ======获取TLS签名异常======sig(11023Passenger) != req(11005Passenger)(identifier not match)
[Thread-42] ERROR com.yinghai.macao.common.util.TlsSignUtil - ======获取TLS签名异常======sig(10353Passenger) != req(10349Passenger)(identifier not match)
[Thread-22] ERROR com.yinghai.macao.common.util.TlsSignUtil - ======获取TLS签名异常======
[Thread-56] ERROR com.yinghai.macao.common.util.TlsSignUtil - ======获取TLS签名异常======sig(56Driver) != req(58Driver)(identifier not match)
[Thread-58] ERROR com.yinghai.macao.common.util.TlsSignUtil - ======获取TLS签名异常======sig(64Driver) != req(61Driver)(identifier not match)
[Thread-61] ERROR com.yinghai.macao.common.util.TlsSignUtil - ======获取TLS签名异常======sig(57Driver) != req(65Driver)(identifier not match)
[Thread-66] ERROR com.yinghai.macao.common.util.TlsSignUtil - ======获取TLS签名异常======sig(11001Passenger) != req(10988Passenger)(identifier not match)
[Thread-87] ERROR com.yinghai.macao.common.util.TlsSignUtil - ======获取TLS签名异常======sig() != req(10354Passenger)(identifier not match)
[Thread-63] ERROR com.yinghai.macao.common.util.TlsSignUtil - ======获取TLS签名异常======sig(11001Passenger) != req(9920Passenger)(identifier not match)
[Thread-88] ERROR com.yinghai.macao.common.util.TlsSignUtil - ======获取TLS签名异常======sig() != req(10357Passenger)(identifier not match)
[Thread-86] ERROR com.yinghai.macao.common.util.TlsSignUtil - ======获取TLS签名异常======
[Thread-77] ERROR com.yinghai.macao.common.util.TlsSignUtil - ======获取TLS签名异常======
[Thread-67] ERROR com.yinghai.macao.common.util.TlsSignUtil - ======获取TLS签名异常======sig() != req(10996Passenger)(identifier not match)
[Thread-71] ERROR com.yinghai.macao.common.util.TlsSignUtil - ======获取TLS签名异常======sig() != req(10996Passenger)(identifier not match)
[Thread-83] ERROR com.yinghai.macao.common.util.TlsSignUtil - ======获取TLS签名异常======sig() != req(10348Passenger)(identifier not match)
[Thread-91] ERROR com.yinghai.macao.common.util.TlsSignUtil - ======获取TLS签名异常======sig() != req(10360Passenger)(identifier not match)
[Thread-74] ERROR com.yinghai.macao.common.util.TlsSignUtil - ======获取TLS签名异常======sig() != req(11022Passenger)(identifier not match)
[Thread-80] ERROR com.yinghai.macao.common.util.TlsSignUtil - ======获取TLS签名异常======sig() != req(11028Passenger)(identifier not match)
[Thread-82] ERROR com.yinghai.macao.common.util.TlsSignUtil - ======获取TLS签名异常======sig() != req(11030Passenger)(identifier not match)
[Thread-68] ERROR com.yinghai.macao.common.util.TlsSignUtil - ======获取TLS签名异常======sig() != req(10997Passenger)(identifier not match)
[Thread-76] ERROR com.yinghai.macao.common.util.TlsSignUtil - ======获取TLS签名异常======sig() != req(11024Passenger)(identifier not match)
[Thread-73] ERROR com.yinghai.macao.common.util.TlsSignUtil - ======获取TLS签名异常======sig() != req(11005Passenger)(identifier not match)
[Thread-72] ERROR com.yinghai.macao.common.util.TlsSignUtil - ======获取TLS签名异常======sig() != req(11004Passenger)(identifier not match)
[Thread-78] ERROR com.yinghai.macao.common.util.TlsSignUtil - ======获取TLS签名异常======sig(10349Passenger) != req(11026Passenger)(identifier not match)
[Thread-85] ERROR com.yinghai.macao.common.util.TlsSignUtil - ======获取TLS签名异常======sig(10349Passenger) != req()(identifier not match)
[Thread-81] ERROR com.yinghai.macao.common.util.TlsSignUtil - ======获取TLS签名异常======sig(10362Passenger) != req(11029Passenger)(identifier not match)
[Thread-94] ERROR com.yinghai.macao.common.util.TlsSignUtil - ======获取TLS签名异常======sig(10362Passenger) != req(10363Passenger)(identifier not match)
[Thread-90] ERROR com.yinghai.macao.common.util.TlsSignUtil - ======获取TLS签名异常======sig(10985Passenger) != req(10359Passenger)(identifier not match)
[Thread-79] ERROR com.yinghai.macao.common.util.TlsSignUtil - ======获取TLS签名异常======sig(10985Passenger) != req(11027Passenger)(identifier not match)
[Thread-75] ERROR com.yinghai.macao.common.util.TlsSignUtil - ======获取TLS签名异常======sig(11001Passenger) != req(11023Passenger)(identifier not match)
